[debug] [2018-05-14T11:49:25.893Z] ----------------------------------------------------------------------
[debug] [2018-05-14T11:49:25.895Z] Command:       /usr/local/Cellar/node/8.9.0/bin/node /usr/local/Cellar/node/8.9.0/bin/firebase deploy --only functions
[debug] [2018-05-14T11:49:25.896Z] CLI Version:   3.18.4
[debug] [2018-05-14T11:49:25.896Z] Platform:      darwin
[debug] [2018-05-14T11:49:25.896Z] Node Version:  v8.9.0
[debug] [2018-05-14T11:49:25.896Z] Time:          Mon May 14 2018 13:49:25 GMT+0200 (CEST)
[debug] [2018-05-14T11:49:25.896Z] ----------------------------------------------------------------------
[debug] 
[debug] [2018-05-14T11:49:25.909Z] > command requires scopes: ["email","openid","https://www.googleapis.com/auth/cloudplatformprojects.readonly","https://www.googleapis.com/auth/firebase","https://www.googleapis.com/auth/cloud-platform"]
[debug] [2018-05-14T11:49:25.909Z] > authorizing via signed-in user
[debug] [2018-05-14T11:49:25.912Z] > refreshing access token with scopes: ["email","https://www.googleapis.com/auth/cloud-platform","https://www.googleapis.com/auth/cloudplatformprojects.readonly","https://www.googleapis.com/auth/firebase","openid"]
[debug] [2018-05-14T11:49:25.912Z] >>> HTTP REQUEST POST https://www.googleapis.com/oauth2/v3/token  
 { refresh_token: '1/yTePOIEP_K1ji16DIncCdhPWjnGMrmfOt-4y43ZqyL8',
  client_id: '563584335869-fgrhgmd47bqnekij5i8b5pr03ho849e6.apps.googleusercontent.com',
  client_secret: 'j9iVZfS8kkCEFUPaAeJV0sAi',
  grant_type: 'refresh_token',
  scope: 'email https://www.googleapis.com/auth/cloud-platform https://www.googleapis.com/auth/cloudplatformprojects.readonly https://www.googleapis.com/auth/firebase openid' } 
 Mon May 14 2018 13:49:25 GMT+0200 (CEST)
[debug] [2018-05-14T11:49:26.034Z] <<< HTTP RESPONSE 200
[debug] [2018-05-14T11:49:26.048Z] >>> HTTP REQUEST GET https://admin.firebase.com/v1/projects/pharmaplus-782c8  
  
 Mon May 14 2018 13:49:26 GMT+0200 (CEST)
[debug] [2018-05-14T11:49:27.195Z] <<< HTTP RESPONSE 200
[debug] [2018-05-14T11:49:27.197Z] >>> HTTP REQUEST GET https://admin.firebase.com/v1/database/pharmaplus-782c8/tokens  
  
 Mon May 14 2018 13:49:27 GMT+0200 (CEST)
[debug] [2018-05-14T11:49:27.954Z] <<< HTTP RESPONSE 200
[info] 
[info] === Deploying to 'pharmaplus-782c8'...
[info] 
[info] i  deploying functions
[info] Running command: npm --prefix "$RESOURCE_DIR" run lint
[info] ✔  functions: Finished running predeploy script.
[debug] [2018-05-14T11:49:32.204Z] > [functions] package.json contents: {
  "name": "functions",
  "description": "Cloud Functions for Firebase",
  "scripts": {
    "lint": "eslint .",
    "serve": "firebase serve --only functions",
    "shell": "firebase functions:shell",
    "start": "npm run shell",
    "deploy": "firebase deploy --only functions",
    "logs": "firebase functions:log"
  },
  "dependencies": {
    "firebase-admin": "~5.12.0",
    "firebase-functions": "^1.0.1"
  },
  "devDependencies": {
    "eslint": "^4.12.0",
    "eslint-plugin-promise": "^3.6.0"
  },
  "private": true
}
[info] i  functions: ensuring necessary APIs are enabled...
[debug] [2018-05-14T11:49:32.204Z] >>> HTTP REQUEST GET https://servicemanagement.googleapis.com/v1/services/cloudfunctions.googleapis.com/projectSettings/pharmaplus-782c8?view=CONSUMER_VIEW  
  
 Mon May 14 2018 13:49:32 GMT+0200 (CEST)
[debug] [2018-05-14T11:49:32.205Z] >>> HTTP REQUEST GET https://servicemanagement.googleapis.com/v1/services/runtimeconfig.googleapis.com/projectSettings/pharmaplus-782c8?view=CONSUMER_VIEW  
  
 Mon May 14 2018 13:49:32 GMT+0200 (CEST)
[debug] [2018-05-14T11:49:33.384Z] <<< HTTP RESPONSE 200
[debug] [2018-05-14T11:49:33.393Z] <<< HTTP RESPONSE 200
[info] ✔  functions: all necessary APIs are enabled
[debug] [2018-05-14T11:49:33.394Z] >>> HTTP REQUEST GET https://cloudresourcemanager.googleapis.com/v1/projects/pharmaplus-782c8  
  
 Mon May 14 2018 13:49:33 GMT+0200 (CEST)
[debug] [2018-05-14T11:49:34.202Z] <<< HTTP RESPONSE 200
[debug] [2018-05-14T11:49:34.203Z] >>> HTTP REQUEST GET https://mobilesdk-pa.googleapis.com/v1/projects/191482422002:getServerAppConfig  
  
 Mon May 14 2018 13:49:34 GMT+0200 (CEST)
[debug] [2018-05-14T11:49:34.712Z] <<< HTTP RESPONSE 200
[info] i  functions: preparing functions directory for uploading...
[debug] [2018-05-14T11:49:34.714Z] >>> HTTP REQUEST GET https://runtimeconfig.googleapis.com/v1beta1/projects/pharmaplus-782c8/configs  
  
 Mon May 14 2018 13:49:34 GMT+0200 (CEST)
